find_executable: checking for pg_config... -------------------- yes

--------------------

find_header: checking for libpq-fe.h... -------------------- yes

"gcc -o conftest -I/include/i686-linux -I/usr/local/lib/ruby/include/ruby/backward -I/usr/local/lib/ruby/include -I.  -D_FILE_OFFSET_BITS=64  -I/usr/include  -O3 -ggdb -Wextra -Wno-unused-parameter -Wno-parentheses -Wpointer-arith -Wwrite-strings -Wno-missing-field-initializers -Wno-long-long conftest.c  -L. -L/usr/local/lib -Wl,-R/usr/local/lib -L.  -rdynamic -Wl,-export-dynamic -L/usr/lib     -Wl,-R -Wl,/usr/local/lib -L/usr/local/lib -lruby-static  -lpthread -lrt -ldl -lcrypt -lm   -lc"
checked program was:
/* begin */
1: #include "ruby.h"
2: 
3: int main() {return 0;}
/* end */

"gcc -E -I/include/i686-linux -I/usr/local/lib/ruby/include/ruby/backward -I/usr/local/lib/ruby/include -I.  -D_FILE_OFFSET_BITS=64  -I/usr/include  -O3 -ggdb -Wextra -Wno-unused-parameter -Wno-parentheses -Wpointer-arith -Wwrite-strings -Wno-missing-field-initializers -Wno-long-long  conftest.c -o conftest.i"
checked program was:
/* begin */
1: #include "ruby.h"
2: 
3: #include <libpq-fe.h>
/* end */

--------------------

find_header: checking for libpq/libpq-fs.h... -------------------- yes

"gcc -E -I/include/i686-linux -I/usr/local/lib/ruby/include/ruby/backward -I/usr/local/lib/ruby/include -I.  -D_FILE_OFFSET_BITS=64  -I/usr/include  -O3 -ggdb -Wextra -Wno-unused-parameter -Wno-parentheses -Wpointer-arith -Wwrite-strings -Wno-missing-field-initializers -Wno-long-long  conftest.c -o conftest.i"
checked program was:
/* begin */
1: #include "ruby.h"
2: 
3: #include <libpq/libpq-fs.h>
/* end */

--------------------

find_header: checking for pg_config_manual.h... -------------------- yes

"gcc -E -I/include/i686-linux -I/usr/local/lib/ruby/include/ruby/backward -I/usr/local/lib/ruby/include -I.  -D_FILE_OFFSET_BITS=64  -I/usr/include  -O3 -ggdb -Wextra -Wno-unused-parameter -Wno-parentheses -Wpointer-arith -Wwrite-strings -Wno-missing-field-initializers -Wno-long-long  conftest.c -o conftest.i"
checked program was:
/* begin */
1: #include "ruby.h"
2: 
3: #include <pg_config_manual.h>
/* end */

--------------------

have_library: checking for PQconnectdb() in -lpq... -------------------- yes

"gcc -o conftest -I/include/i686-linux -I/usr/local/lib/ruby/include/ruby/backward -I/usr/local/lib/ruby/include -I.  -D_FILE_OFFSET_BITS=64  -I/usr/include  -O3 -ggdb -Wextra -Wno-unused-parameter -Wno-parentheses -Wpointer-arith -Wwrite-strings -Wno-missing-field-initializers -Wno-long-long conftest.c  -L. -L/usr/local/lib -Wl,-R/usr/local/lib -L.  -rdynamic -Wl,-export-dynamic -L/usr/lib     -Wl,-R -Wl,/usr/local/lib -L/usr/local/lib -lruby-static -lpq  -lpthread -lrt -ldl -lcrypt -lm   -lc"
checked program was:
/* begin */
1: #include "ruby.h"
2: 
3: #include <libpq-fe.h>
4: 
5: /*top*/
6: int main() {return 0;}
7: int t() { void ((*volatile p)()); p = (void ((*)()))PQconnectdb; return 0; }
/* end */

--------------------

have_func: checking for PQconnectionUsedPassword()... -------------------- no

"gcc -o conftest -I/include/i686-linux -I/usr/local/lib/ruby/include/ruby/backward -I/usr/local/lib/ruby/include -I.  -D_FILE_OFFSET_BITS=64  -I/usr/include  -O3 -ggdb -Wextra -Wno-unused-parameter -Wno-parentheses -Wpointer-arith -Wwrite-strings -Wno-missing-field-initializers -Wno-long-long conftest.c  -L. -L/usr/local/lib -Wl,-R/usr/local/lib -L.  -rdynamic -Wl,-export-dynamic -L/usr/lib    -lpq  -Wl,-R -Wl,/usr/local/lib -L/usr/local/lib -lruby-static -lpq  -lpthread -lrt -ldl -lcrypt -lm   -lc"
conftest.c: In function ‘t’:
conftest.c:5: error: ‘PQconnectionUsedPassword’ undeclared (first use in this function)
conftest.c:5: error: (Each undeclared identifier is reported only once
conftest.c:5: error: for each function it appears in.)
checked program was:
/* begin */
1: #include "ruby.h"
2: 
3: /*top*/
4: int main() {return 0;}
5: int t() { void ((*volatile p)()); p = (void ((*)()))PQconnectionUsedPassword; return 0; }
/* end */

"gcc -o conftest -I/include/i686-linux -I/usr/local/lib/ruby/include/ruby/backward -I/usr/local/lib/ruby/include -I.  -D_FILE_OFFSET_BITS=64  -I/usr/include  -O3 -ggdb -Wextra -Wno-unused-parameter -Wno-parentheses -Wpointer-arith -Wwrite-strings -Wno-missing-field-initializers -Wno-long-long conftest.c  -L. -L/usr/local/lib -Wl,-R/usr/local/lib -L.  -rdynamic -Wl,-export-dynamic -L/usr/lib    -lpq  -Wl,-R -Wl,/usr/local/lib -L/usr/local/lib -lruby-static -lpq  -lpthread -lrt -ldl -lcrypt -lm   -lc"
/tmp/cccqBQNm.o: In function `t':
/home/wesearch/survey/vendor/bundle/ruby/1.9.1/gems/pg-0.13.2/ext/conftest.c:5: undefined reference to `PQconnectionUsedPassword'
collect2: ld returned 1 exit status
checked program was:
/* begin */
1: #include "ruby.h"
2: 
3: /*top*/
4: int main() {return 0;}
5: int t() { PQconnectionUsedPassword(); return 0; }
/* end */

--------------------

